<?xml version="1.0" encoding="UTF-8"?>
<!-- Generated by org.testng.reporters.JUnitReportReporter -->
<testsuite hostname="HP" failures="0" tests="3" name="com.sevenrmartsupermarket.tests.LoginTest" time="7.579" errors="0" timestamp="2025-03-17T12:01:44 IST" skipped="0">
  <testcase classname="com.sevenrmartsupermarket.tests.LoginTest" name="verifyInvalidLogin" time="3.353"/>
  <testcase classname="com.sevenrmartsupermarket.tests.LoginTest" name="verifyLogin" time="2.347"/>
  <testcase classname="com.sevenrmartsupermarket.tests.LoginTest" name="verifyAfterLoginNavigation" time="1.879"/>
</testsuite> <!-- com.sevenrmartsupermarket.tests.LoginTest -->
