<?xml version="1.0" encoding="UTF-8"?>
<!-- Generated by org.testng.reporters.JUnitReportReporter -->
<testsuite hostname="HP" failures="0" tests="3" name="com.sevenrmartsupermarket.tests.LoginTest" time="14.696" errors="0" timestamp="2025-03-19T23:09:01 IST" skipped="0">
  <testcase classname="com.sevenrmartsupermarket.tests.LoginTest" name="verifyInvalidLogin" time="9.247"/>
  <testcase classname="com.sevenrmartsupermarket.tests.LoginTest" name="verifyLogin" time="3.095"/>
  <testcase classname="com.sevenrmartsupermarket.tests.LoginTest" name="verifyAfterLoginNavigation" time="2.354"/>
</testsuite> <!-- com.sevenrmartsupermarket.tests.LoginTest -->
