<?xml version="1.0" encoding="UTF-8"?>
<!-- Generated by org.testng.reporters.JUnitReportReporter -->
<testsuite hostname="HP" failures="0" tests="2" name="com.sevenrmartsupermarket.tests.HomeTest" time="15.362" errors="0" timestamp="2025-03-17T20:15:48 IST" skipped="0">
  <testcase classname="com.sevenrmartsupermarket.tests.HomeTest" name="verifyPageTitle" time="2.227"/>
  <testcase classname="com.sevenrmartsupermarket.tests.HomeTest" name="verifyMoreInfoLink" time="13.135"/>
</testsuite> <!-- com.sevenrmartsupermarket.tests.HomeTest -->
