<?xml version="1.0" encoding="UTF-8"?>
<!-- Generated by org.testng.reporters.JUnitReportReporter -->
<testsuite hostname="HP" failures="0" tests="2" name="com.sevenrmartsupermarket.tests.CategoryTest" time="19.284" errors="0" timestamp="2025-03-20T12:42:53 IST" skipped="0">
  <testcase classname="com.sevenrmartsupermarket.tests.CategoryTest" name="validateDeleteCategoryButton" time="8.917"/>
  <testcase classname="com.sevenrmartsupermarket.tests.CategoryTest" name="validateCategoryUpdateButtonFunctionality" time="10.367"/>
</testsuite> <!-- com.sevenrmartsupermarket.tests.CategoryTest -->
