<?xml version="1.0" encoding="UTF-8"?>
<!-- Generated by org.testng.reporters.JUnitReportReporter -->
<testsuite hostname="HP" failures="0" tests="3" name="com.sevenrmartsupermarket.tests.LoginTest" time="7.434" errors="0" timestamp="2025-03-17T20:15:48 IST" skipped="0">
  <testcase classname="com.sevenrmartsupermarket.tests.LoginTest" name="verifyAfterLoginNavigation" time="2.658"/>
  <testcase classname="com.sevenrmartsupermarket.tests.LoginTest" name="verifyLogin" time="2.428"/>
  <testcase classname="com.sevenrmartsupermarket.tests.LoginTest" name="verifyInvalidLogin" time="2.348"/>
</testsuite> <!-- com.sevenrmartsupermarket.tests.LoginTest -->
