<?xml version="1.0" encoding="UTF-8"?>
<!-- Generated by org.testng.reporters.JUnitReportReporter -->
<testsuite hostname="HP" failures="0" tests="2" name="com.sevenrmartsupermarket.tests.HomeTest" time="12.654" errors="0" timestamp="2025-03-19T23:09:01 IST" skipped="0">
  <testcase classname="com.sevenrmartsupermarket.tests.HomeTest" name="verifyPageTitle" time="2.265"/>
  <testcase classname="com.sevenrmartsupermarket.tests.HomeTest" name="verifyMoreInfoLink" time="10.389"/>
</testsuite> <!-- com.sevenrmartsupermarket.tests.HomeTest -->
