<?xml version="1.0" encoding="UTF-8"?>
<!-- Generated by org.testng.reporters.JUnitReportReporter -->
<testsuite hostname="HP" failures="0" tests="9" name="com.sevenrmartsupermarket.tests.AdminUserTest" time="35.290" errors="0" timestamp="2025-03-17T12:01:44 IST" skipped="0">
  <testcase classname="com.sevenrmartsupermarket.tests.AdminUserTest" name="validateNewUserCreation" time="4.481"/>
  <testcase classname="com.sevenrmartsupermarket.tests.AdminUserTest" name="validateNewUserCreation" time="3.469"/>
  <testcase classname="com.sevenrmartsupermarket.tests.AdminUserTest" name="validateNewUserCreation" time="4.214"/>
  <testcase classname="com.sevenrmartsupermarket.tests.AdminUserTest" name="validateNewUserCreation" time="3.849"/>
  <testcase classname="com.sevenrmartsupermarket.tests.AdminUserTest" name="validateSearchButtonfunctionality" time="4.556"/>
  <testcase classname="com.sevenrmartsupermarket.tests.AdminUserTest" name="validateDuplicateUserEnterEntry" time="5.257"/>
  <testcase classname="com.sevenrmartsupermarket.tests.AdminUserTest" name="validateNewUserCreation" time="3.571"/>
  <testcase classname="com.sevenrmartsupermarket.tests.AdminUserTest" name="validateNewUserCreation" time="3.404"/>
  <testcase classname="com.sevenrmartsupermarket.tests.AdminUserTest" name="verifyNavigationToAdminUserPage" time="2.489"/>
</testsuite> <!-- com.sevenrmartsupermarket.tests.AdminUserTest -->
