<?xml version="1.0" encoding="UTF-8"?>
<!-- Generated by org.testng.reporters.JUnitReportReporter -->
<testsuite hostname="HP" failures="0" tests="1" name="com.sevenrmartsupermarket.tests.AdminUserTest" time="4.197" errors="0" timestamp="2025-03-13T14:05:31 IST" skipped="0">
  <testcase classname="com.sevenrmartsupermarket.tests.AdminUserTest" name="validateAdminUserDeleteButtonFunctionality" time="4.197"/>
</testsuite> <!-- com.sevenrmartsupermarket.tests.AdminUserTest -->
