<?xml version="1.0" encoding="UTF-8"?>
<!-- Generated by org.testng.reporters.JUnitReportReporter -->
<testsuite hostname="HP" failures="0" tests="2" name="com.sevenrmartsupermarket.tests.LoginTest" time="7.703" errors="0" timestamp="2025-03-13T13:36:56 IST" skipped="0">
  <testcase classname="com.sevenrmartsupermarket.tests.LoginTest" name="verifyLogin" time="4.600"/>
  <testcase classname="com.sevenrmartsupermarket.tests.LoginTest" name="verifyInvalidLogin" time="3.103"/>
</testsuite> <!-- com.sevenrmartsupermarket.tests.LoginTest -->
