<?xml version="1.0" encoding="UTF-8"?>
<!-- Generated by org.testng.reporters.JUnitReportReporter -->
<testsuite hostname="HP" failures="0" tests="1" name="AdminUserTest" time="3.958" errors="0" timestamp="2025-03-10T20:22:26 IST" skipped="0">
  <testcase classname="AdminUserTest" name="validateDuplicateUserEnterEntry" time="3.958"/>
</testsuite> <!-- AdminUserTest -->
