<?xml version="1.0" encoding="UTF-8"?>
<!-- Generated by org.testng.reporters.JUnitReportReporter -->
<testsuite hostname="HP" failures="0" tests="1" name="com.sevenrmartsupermarket.tests.LoginTest" time="18.435" errors="0" timestamp="2025-03-13T20:52:20 IST" skipped="0">
  <testcase classname="com.sevenrmartsupermarket.tests.LoginTest" name="verifyLogin" time="18.435"/>
</testsuite> <!-- com.sevenrmartsupermarket.tests.LoginTest -->
