<?xml version="1.0" encoding="UTF-8"?>
<!-- Generated by org.testng.reporters.JUnitReportReporter -->
<testsuite hostname="HP" failures="0" tests="2" name="com.sevenrmartsupermarket.tests.HomeTest" time="8.238" errors="0" timestamp="2025-03-20T13:08:05 IST" skipped="0">
  <testcase classname="com.sevenrmartsupermarket.tests.HomeTest" name="verifyPageTitle" time="1.533"/>
  <testcase classname="com.sevenrmartsupermarket.tests.HomeTest" name="verifyMoreInfoLink" time="6.705"/>
</testsuite> <!-- com.sevenrmartsupermarket.tests.HomeTest -->
